C:\lscc\diamond\3.11_x64\synpbase\bin64\c_hdl.exe  -osyn  "C:\lscc\diamond\Project\FPGA P&S\FPGA_code\synwork\FPGA_code_FPGA_code_comp.srs"  -top  data_out_fpga  -hdllog  "C:\lscc\diamond\Project\FPGA P&S\FPGA_code\synlog\FPGA_code_FPGA_code_compiler.srr"  -encrypt  -mp  4  -verification_mode 0  -vhdl  -prodtype  synplify_pro  -dspmac -fixsmult -infer_seqShift -nram -sdff_counter -divnmod -nostructver  -encrypt  -pro  -dmgen  "C:\lscc\diamond\Project\FPGA P&S\FPGA_code\dm"  -lite -ui -fid2 -ram -sharing on -ll 2000 -autosm  -ignore_undefined_lib  -lib work C:\lscc\diamond\3.11_x64\cae_library\synthesis\vhdl\machxo2.vhd -lib work "C:\lscc\diamond\Project\FPGA P&S\FPGA_code\source\image_clock_manager.vhd" -lib work "C:\lscc\diamond\Project\FPGA P&S\FPGA_code\source\MCU_Interface.vhd" -lib work "C:\lscc\diamond\Project\FPGA P&S\FPGA_code\source\LOUT_interface.vhd" -lib work "C:\lscc\diamond\Project\FPGA P&S\FPGA_code\source\ParamReg.vhd" -lib work "C:\lscc\diamond\Project\FPGA P&S\FPGA_code\source\GapReg.vhd" -lib work "C:\lscc\diamond\Project\FPGA P&S\FPGA_code\source\galvo_dac_manager.vhd" -lib work "C:\lscc\diamond\Project\FPGA P&S\FPGA_code\source\write_laser.vhd" -lib work "C:\lscc\diamond\Project\FPGA P&S\FPGA_code\source\division.vhd" -lib work "C:\lscc\diamond\Project\FPGA P&S\FPGA_code\source\repeat_manager.vhd" -lib work "C:\lscc\diamond\Project\FPGA P&S\FPGA_code\source\EncoderCounter.vhd" -lib work "C:\lscc\diamond\Project\FPGA P&S\FPGA_code\DataBuffer\DataBuffer.vhd" -lib work "C:\lscc\diamond\Project\FPGA P&S\FPGA_code\source\DPRAM4Wide.vhd" -lib work "C:\lscc\diamond\Project\FPGA P&S\FPGA_code\source\gap_manager.vhd" -lib work "C:\lscc\diamond\Project\FPGA P&S\FPGA_code\source\Main_fpga.vhd"  -jobname  "compiler" 
relcom:..\..\..\..\3.11_x64\synpbase\bin64\c_hdl.exe -osyn "C:\lscc\diamond\Project\FPGA P&S\FPGA_code\synwork\FPGA_code_FPGA_code_comp.srs" -top data_out_fpga -hdllog "C:\lscc\diamond\Project\FPGA P&S\FPGA_code\synlog\FPGA_code_FPGA_code_compiler.srr" -encrypt -mp 4 -verification_mode 0 -vhdl -prodtype synplify_pro -dspmac -fixsmult -infer_seqShift -nram -sdff_counter -divnmod -nostructver -encrypt -pro -dmgen "C:\lscc\diamond\Project\FPGA P&S\FPGA_code\dm" -lite -ui -fid2 -ram -sharing on -ll 2000 -autosm -ignore_undefined_lib -lib work ..\..\..\..\3.11_x64\cae_library\synthesis\vhdl\machxo2.vhd -lib work "C:\lscc\diamond\Project\FPGA P&S\FPGA_code\source\image_clock_manager.vhd" -lib work "C:\lscc\diamond\Project\FPGA P&S\FPGA_code\source\MCU_Interface.vhd" -lib work "C:\lscc\diamond\Project\FPGA P&S\FPGA_code\source\LOUT_interface.vhd" -lib work "C:\lscc\diamond\Project\FPGA P&S\FPGA_code\source\ParamReg.vhd" -lib work "C:\lscc\diamond\Project\FPGA P&S\FPGA_code\source\GapReg.vhd" -lib work "C:\lscc\diamond\Project\FPGA P&S\FPGA_code\source\galvo_dac_manager.vhd" -lib work "C:\lscc\diamond\Project\FPGA P&S\FPGA_code\source\write_laser.vhd" -lib work "C:\lscc\diamond\Project\FPGA P&S\FPGA_code\source\division.vhd" -lib work "C:\lscc\diamond\Project\FPGA P&S\FPGA_code\source\repeat_manager.vhd" -lib work "C:\lscc\diamond\Project\FPGA P&S\FPGA_code\source\EncoderCounter.vhd" -lib work "C:\lscc\diamond\Project\FPGA P&S\FPGA_code\DataBuffer\DataBuffer.vhd" -lib work "C:\lscc\diamond\Project\FPGA P&S\FPGA_code\source\DPRAM4Wide.vhd" -lib work "C:\lscc\diamond\Project\FPGA P&S\FPGA_code\source\gap_manager.vhd" -lib work "C:\lscc\diamond\Project\FPGA P&S\FPGA_code\source\Main_fpga.vhd" -jobname "compiler"
rc:0 success:1 runtime:4
file:..\synwork\FPGA_code_FPGA_code_comp.srs|io:o|time:1605268376|size:92669|exec:0|csum:
file:..\synlog\FPGA_code_FPGA_code_compiler.srr|io:o|time:1605268376|size:37214|exec:0|csum:
file:..\..\..\..\3.11_x64\cae_library\synthesis\vhdl\machxo2.vhd|io:i|time:1542238332|size:73964|exec:0|csum:CFF92E93E4FE354031DBB4E0E47DD4A6
file:..\source\image_clock_manager.vhd|io:i|time:1591873608|size:3401|exec:0|csum:0AD327EB2739FF76900BBB996EC061DF
file:..\source\MCU_Interface.vhd|io:i|time:1432020302|size:7065|exec:0|csum:CE251EEE084FD546B1634BD33D0E0336
file:..\source\LOUT_interface.vhd|io:i|time:1605268368|size:12740|exec:0|csum:5C016B54EE85034133A3F9BF29142AAB
file:..\source\ParamReg.vhd|io:i|time:1469611554|size:6499|exec:0|csum:6BE9CF82357D1F05B5DFA6C17DAB0F89
file:..\source\GapReg.vhd|io:i|time:1432020302|size:2195|exec:0|csum:53F146A34918FA5D7713649334E9F6EA
file:..\source\galvo_dac_manager.vhd|io:i|time:1440600532|size:7888|exec:0|csum:D245479456695CF76EA8345F0229F654
file:..\source\write_laser.vhd|io:i|time:1592131532|size:7364|exec:0|csum:C4DC52650A8D4A16D7899F9C8EB779E3
file:..\source\division.vhd|io:i|time:1455186752|size:2811|exec:0|csum:A923495EEFBCE6058EBCA894A848B4A0
file:..\source\repeat_manager.vhd|io:i|time:1469612648|size:3693|exec:0|csum:FEFD5032A96CBF89A990C4B6B19229E4
file:..\source\EncoderCounter.vhd|io:i|time:1456148282|size:5982|exec:0|csum:10C8A0714B9436BC3E4E5B4E6ECBAB89
file:..\DataBuffer\DataBuffer.vhd|io:i|time:1432020302|size:11200|exec:0|csum:A5FAD2DE5E936BBB63B1D28B87FE034C
file:..\source\DPRAM4Wide.vhd|io:i|time:1432020302|size:4588|exec:0|csum:E2519845A194C8D21633D11906024FA2
file:..\source\gap_manager.vhd|io:i|time:1469611750|size:15768|exec:0|csum:248E2839815DF769AD320D1291DB12CA
file:..\source\Main_fpga.vhd|io:i|time:1469612648|size:31961|exec:0|csum:CCEBDA7C2914BA1ED1DB232C0B018E28
file:..\..\..\..\3.11_x64\synpbase\bin64\c_hdl.exe|io:i|time:1554103094|size:5681664|exec:1|csum:39598EA786684F7CB53832C08B4CCDF5
