
Copyright (C) 1994-2018 Synopsys, Inc.
This Synopsys software and all associated documentation are proprietary to Synopsys, Inc.
and may only be used pursuant to the terms and conditions of a written license agreement
with Synopsys, Inc. All other use, reproduction, modification, or distribution of the
Synopsys software or the associated documentation is strictly prohibited.
Tool: Synplify Pro (R)
Build: N-2018.03L-SP1-1
Install: C:\lscc\diamond\3.11_x64\synpbase
OS: Windows 6.2

Hostname: DESKTOP-8TOPF9L

Implementation : FPGA_code
Synopsys HDL compiler and linker, Version comp2018q2p1, Build 461R, Built Apr  1 2019 09:17:43

Modified Files: 1
FID:  path (prevtimestamp, timestamp)
15       C:\lscc\diamond\Project\FPGA P&S\FPGA_code\source\LOUT_interface.vhd (2020-06-06 10:55:11, 2020-11-13 12:52:48)

*******************************************************************
Modules that may have changed as a result of file changes: 0
MID:  lib.cell.view

*******************************************************************
Unmodified files: 24
FID:  path (timestamp)
0        C:\lscc\diamond\3.11_x64\cae_library\synthesis\vhdl\machxo2.vhd (2018-11-15 00:32:12)
1        C:\lscc\diamond\3.11_x64\synpbase\lib\lucent\machxo2.vhd (2019-04-01 09:08:08)
2        C:\lscc\diamond\3.11_x64\synpbase\lib\vhd\arith.vhd (2019-04-01 09:07:44)
3        C:\lscc\diamond\3.11_x64\synpbase\lib\vhd\hyperents.vhd (2019-04-01 09:07:44)
4        C:\lscc\diamond\3.11_x64\synpbase\lib\vhd\location.map (2019-04-01 16:01:20)
5        C:\lscc\diamond\3.11_x64\synpbase\lib\vhd\numeric.vhd (2019-04-01 09:07:44)
6        C:\lscc\diamond\3.11_x64\synpbase\lib\vhd\snps_haps_pkg.vhd (2019-04-01 09:07:44)
7        C:\lscc\diamond\3.11_x64\synpbase\lib\vhd\std.vhd (2019-04-01 09:07:44)
8        C:\lscc\diamond\3.11_x64\synpbase\lib\vhd\std1164.vhd (2019-04-01 09:07:44)
9        C:\lscc\diamond\3.11_x64\synpbase\lib\vhd\umr_capim.vhd (2019-04-01 09:07:44)
10       C:\lscc\diamond\3.11_x64\synpbase\lib\vhd\unsigned.vhd (2019-04-01 09:07:44)
11       C:\lscc\diamond\Project\FPGA P&S\FPGA_code\DataBuffer\DataBuffer.vhd (2015-05-19 09:25:02)
12       C:\lscc\diamond\Project\FPGA P&S\FPGA_code\source\DPRAM4Wide.vhd (2015-05-19 09:25:02)
13       C:\lscc\diamond\Project\FPGA P&S\FPGA_code\source\EncoderCounter.vhd (2016-02-22 14:38:02)
14       C:\lscc\diamond\Project\FPGA P&S\FPGA_code\source\GapReg.vhd (2015-05-19 09:25:02)
16       C:\lscc\diamond\Project\FPGA P&S\FPGA_code\source\MCU_Interface.vhd (2015-05-19 09:25:02)
17       C:\lscc\diamond\Project\FPGA P&S\FPGA_code\source\Main_fpga.vhd (2016-07-27 11:44:08)
18       C:\lscc\diamond\Project\FPGA P&S\FPGA_code\source\ParamReg.vhd (2016-07-27 11:25:54)
19       C:\lscc\diamond\Project\FPGA P&S\FPGA_code\source\division.vhd (2016-02-11 11:32:32)
20       C:\lscc\diamond\Project\FPGA P&S\FPGA_code\source\galvo_dac_manager.vhd (2015-08-26 16:48:52)
21       C:\lscc\diamond\Project\FPGA P&S\FPGA_code\source\gap_manager.vhd (2016-07-27 11:29:10)
22       C:\lscc\diamond\Project\FPGA P&S\FPGA_code\source\image_clock_manager.vhd (2020-06-11 13:06:48)
23       C:\lscc\diamond\Project\FPGA P&S\FPGA_code\source\repeat_manager.vhd (2016-07-27 11:44:08)
24       C:\lscc\diamond\Project\FPGA P&S\FPGA_code\source\write_laser.vhd (2020-06-14 12:45:32)

*******************************************************************
Unchanged modules: 0
MID:  lib.cell.view
