
Copyright (C) 1994-2018 Synopsys, Inc.
This Synopsys software and all associated documentation are proprietary to Synopsys, Inc.
and may only be used pursuant to the terms and conditions of a written license agreement
with Synopsys, Inc. All other use, reproduction, modification, or distribution of the
Synopsys software or the associated documentation is strictly prohibited.
Tool: Synplify Pro (R)
Build: N-2018.03L-SP1-1
Install: C:\lscc\diamond\3.11_x64\synpbase
OS: Windows 6.2

Hostname: DESKTOP-8TOPF9L

Implementation : FPGA_code

# Written on Fri Nov 13 12:52:59 2020

##### DESIGN INFO #######################################################

Top View:                "data_out_fpga"
Constraint File(s):      (none)




##### SUMMARY ############################################################

Found 0 issues in 0 out of 0 constraints


##### DETAILS ############################################################



Clock Relationships
*******************

Starting                  Ending                    |     rise to rise     |     fall to fall     |     rise to fall     |     fall to rise                     
---------------------------------------------------------------------------------------------------------------------------------------------------------------
data_out_fpga|CLK_SYS     data_out_fpga|CLK_SYS     |     1000.000         |     No paths         |     500.000          |     No paths                         
===============================================================================================================================================================
 Note: 'No paths' indicates there are no paths in the design for that pair of clock edges.
       'Diff grp' indicates that paths exist but the starting clock and ending clock are in different clock groups.


Unconstrained Start/End Points
******************************

p:BOARD_FUNC_SEL[0]
p:BOARD_FUNC_SEL[1]
p:BOARD_FUNC_SEL[2]
p:BOARD_RD
p:BOARD_SEL[0]
p:BOARD_SEL[1]
p:BOARD_WR
p:CLK_PX_AOD
p:CLK_PX_LASER
p:CLK_ROW
p:CLK_ROW2
p:CLK_RPT
p:ENC_DIR
p:ENC_ENC
p:GLV_CLRQ
p:GLV_CSQ
p:GLV_DO[0]
p:GLV_DO[1]
p:GLV_DO[2]
p:GLV_DO[3]
p:GLV_DO[4]
p:GLV_DO[5]
p:GLV_DO[6]
p:GLV_DO[7]
p:GLV_DO[8]
p:GLV_DO[9]
p:GLV_DO[10]
p:GLV_DO[11]
p:GLV_DO[12]
p:GLV_DO[13]
p:GLV_DO[14]
p:GLV_DO[15]
p:GLV_LDACQ
p:GLV_WRQ
p:LASER_BIDIR_DATA[0] (bidir end point)
p:LASER_BIDIR_DATA[0] (bidir start point)
p:LASER_BIDIR_DATA[1] (bidir end point)
p:LASER_BIDIR_DATA[1] (bidir start point)
p:LASER_BIDIR_DATA[2] (bidir end point)
p:LASER_BIDIR_DATA[2] (bidir start point)
p:LASER_BIDIR_DATA[3] (bidir end point)
p:LASER_BIDIR_DATA[3] (bidir start point)
p:LASER_BIDIR_DATA[4] (bidir end point)
p:LASER_BIDIR_DATA[4] (bidir start point)
p:LASER_BIDIR_DATA[5] (bidir end point)
p:LASER_BIDIR_DATA[5] (bidir start point)
p:LASER_BIDIR_DATA[6] (bidir end point)
p:LASER_BIDIR_DATA[6] (bidir start point)
p:LASER_BIDIR_DATA[7]
p:LASER_EE
p:LASER_EM
p:LASER_ESTOP
p:LASER_GUIDE
p:LASER_PWR_LATCH
p:LASER_SYNCH
p:MCU_BIDIR_DATA[0] (bidir end point)
p:MCU_BIDIR_DATA[0] (bidir start point)
p:MCU_BIDIR_DATA[1] (bidir end point)
p:MCU_BIDIR_DATA[1] (bidir start point)
p:MCU_BIDIR_DATA[2] (bidir end point)
p:MCU_BIDIR_DATA[2] (bidir start point)
p:MCU_BIDIR_DATA[3] (bidir end point)
p:MCU_BIDIR_DATA[3] (bidir start point)
p:MCU_BIDIR_DATA[4] (bidir end point)
p:MCU_BIDIR_DATA[4] (bidir start point)
p:MCU_BIDIR_DATA[5] (bidir end point)
p:MCU_BIDIR_DATA[5] (bidir start point)
p:MCU_BIDIR_DATA[6] (bidir end point)
p:MCU_BIDIR_DATA[6] (bidir start point)
p:MCU_BIDIR_DATA[7] (bidir end point)
p:MCU_BIDIR_DATA[7] (bidir start point)
p:MCU_BUFF_SEL
p:MCU_DATA_SEL
p:MCU_LOCK_PARAMREG
p:MCU_MARKING
p:MCU_MARK_EN
p:MCU_MEM_SEL
p:MCU_RD
p:MCU_RESET
p:MCU_RTS_MCU
p:MCU_WR


Inapplicable constraints
************************

(none)


Applicable constraints with issues
**********************************

(none)


Constraints with matching wildcard expressions
**********************************************

(none)


Library Report
**************


# End of Constraint Checker Report
